2021-10-10 22:40:36 INFO  DetectMotionExample:21 - Detected
2021-10-10 22:40:37 INFO  DetectMotionExample:21 - Detected
2021-10-10 22:40:38 INFO  DetectMotionExample:21 - Detected
2021-10-10 22:40:55 INFO  DetectMotionExample:21 - Detected
2021-10-10 22:40:55 INFO  DetectMotionExample:21 - Detected
2021-10-10 22:40:56 INFO  DetectMotionExample:21 - Detected
2021-10-10 23:01:45 INFO  DetectMotionExample:21 - Зафиксировано движение
2021-10-10 23:01:47 INFO  DetectMotionExample:21 - Зафиксировано движение
2021-10-10 23:01:47 INFO  DetectMotionExample:21 - Зафиксировано движение
2021-10-10 23:01:48 INFO  DetectMotionExample:21 - Зафиксировано движение
2021-10-10 23:01:49 INFO  DetectMotionExample:21 - Зафиксировано движение
2021-10-10 23:01:49 INFO  DetectMotionExample:21 - Зафиксировано движение
2021-10-10 23:01:50 INFO  DetectMotionExample:21 - Зафиксировано движение
2021-10-10 23:01:51 INFO  DetectMotionExample:21 - Зафиксировано движение
2021-10-10 23:01:52 INFO  DetectMotionExample:21 - Зафиксировано движение
2021-10-10 23:01:52 INFO  DetectMotionExample:21 - Зафиксировано движение
2021-10-10 23:01:53 INFO  DetectMotionExample:21 - Зафиксировано движение
2021-10-10 23:01:54 INFO  DetectMotionExample:21 - Зафиксировано движение
2021-10-10 23:01:54 INFO  DetectMotionExample:21 - Зафиксировано движение
2021-10-10 23:01:55 INFO  DetectMotionExample:21 - Зафиксировано движение
2021-10-10 23:01:56 INFO  DetectMotionExample:21 - Зафиксировано движение
2021-10-10 23:01:56 INFO  DetectMotionExample:21 - Зафиксировано движение
2021-10-10 23:01:57 INFO  DetectMotionExample:21 - Зафиксировано движение
2021-10-10 23:01:58 INFO  DetectMotionExample:21 - Зафиксировано движение
2021-10-10 23:01:59 INFO  DetectMotionExample:21 - Зафиксировано движение
2021-10-10 23:01:59 INFO  DetectMotionExample:21 - Зафиксировано движение
2021-10-10 23:02:00 INFO  DetectMotionExample:21 - Зафиксировано движение
2021-10-10 23:02:01 INFO  DetectMotionExample:21 - Зафиксировано движение
2021-10-10 23:02:01 INFO  DetectMotionExample:21 - Зафиксировано движение
2021-10-10 23:02:02 INFO  DetectMotionExample:21 - Зафиксировано движение
2021-10-10 23:02:03 INFO  DetectMotionExample:21 - Зафиксировано движение
2021-10-10 23:02:03 INFO  DetectMotionExample:21 - Зафиксировано движение
2021-10-10 23:02:04 INFO  DetectMotionExample:21 - Зафиксировано движение
2021-10-10 23:02:06 INFO  DetectMotionExample:21 - Зафиксировано движение
2021-10-10 23:02:06 INFO  DetectMotionExample:21 - Зафиксировано движение
2021-10-10 23:02:07 INFO  DetectMotionExample:21 - Зафиксировано движение
2021-10-10 23:02:08 INFO  DetectMotionExample:21 - Зафиксировано движение
2021-10-10 23:02:08 INFO  DetectMotionExample:21 - Зафиксировано движение
2021-10-10 23:02:09 INFO  DetectMotionExample:21 - Зафиксировано движение
2021-10-10 23:02:10 INFO  DetectMotionExample:21 - Зафиксировано движение
2021-10-10 23:02:10 INFO  DetectMotionExample:21 - Зафиксировано движение
2021-10-10 23:02:11 INFO  DetectMotionExample:21 - Зафиксировано движение
2021-10-10 23:02:12 INFO  DetectMotionExample:21 - Зафиксировано движение
2021-10-10 23:02:13 INFO  DetectMotionExample:21 - Зафиксировано движение
2021-10-10 23:02:13 INFO  DetectMotionExample:21 - Зафиксировано движение
2021-10-10 23:02:14 INFO  DetectMotionExample:21 - Зафиксировано движение
2021-10-10 23:02:15 INFO  DetectMotionExample:21 - Зафиксировано движение
2021-10-10 23:02:15 INFO  DetectMotionExample:21 - Зафиксировано движение
2021-10-10 23:02:16 INFO  DetectMotionExample:21 - Зафиксировано движение
2021-10-10 23:02:17 INFO  DetectMotionExample:21 - Зафиксировано движение
2021-10-10 23:02:17 INFO  DetectMotionExample:21 - Зафиксировано движение
2021-10-10 23:02:18 INFO  DetectMotionExample:21 - Зафиксировано движение
2021-10-10 23:02:19 INFO  DetectMotionExample:21 - Зафиксировано движение
2021-10-10 23:02:20 INFO  DetectMotionExample:21 - Зафиксировано движение
2021-10-10 23:02:20 INFO  DetectMotionExample:21 - Зафиксировано движение
2021-10-10 23:02:21 INFO  DetectMotionExample:21 - Зафиксировано движение
2021-10-10 23:02:22 INFO  DetectMotionExample:21 - Зафиксировано движение
2021-10-10 23:02:22 INFO  DetectMotionExample:21 - Зафиксировано движение
2021-10-10 23:02:23 INFO  DetectMotionExample:21 - Зафиксировано движение
2021-10-10 23:02:24 INFO  DetectMotionExample:21 - Зафиксировано движение
2021-10-10 23:02:24 INFO  DetectMotionExample:21 - Зафиксировано движение
2021-10-10 23:02:25 INFO  DetectMotionExample:21 - Зафиксировано движение
2021-10-10 23:02:26 INFO  DetectMotionExample:21 - Зафиксировано движение
2021-10-10 23:02:27 INFO  DetectMotionExample:21 - Зафиксировано движение
2021-10-10 23:02:27 INFO  DetectMotionExample:21 - Зафиксировано движение
2021-10-10 23:02:28 INFO  DetectMotionExample:21 - Зафиксировано движение
2021-10-10 23:02:29 INFO  DetectMotionExample:21 - Зафиксировано движение
2021-10-10 23:02:29 INFO  DetectMotionExample:21 - Зафиксировано движение
2021-10-10 23:02:30 INFO  DetectMotionExample:21 - Зафиксировано движение
2021-10-10 23:02:31 INFO  DetectMotionExample:21 - Зафиксировано движение
2021-10-10 23:02:32 INFO  DetectMotionExample:21 - Зафиксировано движение
2021-10-10 23:02:32 INFO  DetectMotionExample:21 - Зафиксировано движение
2021-10-10 23:02:33 INFO  DetectMotionExample:21 - Зафиксировано движение
2021-10-10 23:02:34 INFO  DetectMotionExample:21 - Зафиксировано движение
2021-10-10 23:02:34 INFO  DetectMotionExample:21 - Зафиксировано движение
2021-10-10 23:02:36 INFO  DetectMotionExample:21 - Зафиксировано движение
2021-10-10 23:02:38 INFO  DetectMotionExample:21 - Зафиксировано движение
2021-10-10 23:02:38 INFO  DetectMotionExample:21 - Зафиксировано движение
2021-10-10 23:02:42 INFO  DetectMotionExample:21 - Зафиксировано движение
2021-10-10 23:02:43 INFO  DetectMotionExample:21 - Зафиксировано движение
2021-10-10 23:15:45 INFO  DetectMotionExample:24 - Зафиксировано движение
2021-10-10 23:15:46 INFO  DetectMotionExample:24 - Зафиксировано движение
2021-10-10 23:15:46 INFO  DetectMotionExample:24 - Зафиксировано движение
2021-10-10 23:15:47 INFO  DetectMotionExample:24 - Зафиксировано движение
2021-10-10 23:15:48 INFO  DetectMotionExample:24 - Зафиксировано движение
2021-10-10 23:17:17 INFO  DetectMotionExample:24 - Зафиксировано движение
2021-10-10 23:17:18 INFO  DetectMotionExample:24 - Зафиксировано движение
2021-10-10 23:20:20 INFO  DetectMotionExample:26 - Зафиксировано движение
2021-10-10 23:20:22 INFO  DetectMotionExample:26 - Зафиксировано движение
2021-10-10 23:29:20 INFO  DetectMotionExample:32 - Зафиксировано движение
2021-10-10 23:29:21 INFO  DetectMotionExample:32 - Зафиксировано движение
2021-10-10 23:29:22 INFO  DetectMotionExample:32 - Зафиксировано движение
2021-10-10 23:29:23 INFO  DetectMotionExample:32 - Зафиксировано движение
2021-10-10 23:29:25 INFO  DetectMotionExample:32 - Зафиксировано движение
2021-10-10 23:29:25 INFO  DetectMotionExample:32 - Зафиксировано движение
2021-10-10 23:29:26 INFO  DetectMotionExample:32 - Зафиксировано движение
2021-10-10 23:29:29 INFO  DetectMotionExample:32 - Зафиксировано движение
2021-10-10 23:29:30 INFO  DetectMotionExample:32 - Зафиксировано движение
2021-10-10 23:30:50 INFO  DetectMotionExample:32 - Зафиксировано движение вс 11:30 10.10.2021
2021-10-10 23:30:51 INFO  DetectMotionExample:32 - Зафиксировано движение вс 11:30 10.10.2021
2021-10-10 23:41:35 INFO  DetectMotionExample:32 - Зафиксировано движение 11-41_10-10-2021
2021-10-10 23:41:36 INFO  DetectMotionExample:32 - Зафиксировано движение 11-41_10-10-2021
2021-10-10 23:43:25 INFO  DetectMotionExample:32 - Зафиксировано движение 11-43_10-10-2021
2021-10-10 23:43:25 INFO  DetectMotionExample:32 - Зафиксировано движение 11-43_10-10-2021
2021-10-10 23:43:26 INFO  DetectMotionExample:32 - Зафиксировано движение 11-43_10-10-2021
2021-10-10 23:43:29 INFO  DetectMotionExample:32 - Зафиксировано движение 11-43_10-10-2021
2021-10-10 23:43:30 INFO  DetectMotionExample:32 - Зафиксировано движение 11-43_10-10-2021
2021-10-10 23:43:31 INFO  DetectMotionExample:32 - Зафиксировано движение 11-43_10-10-2021
2021-10-10 23:43:32 INFO  DetectMotionExample:32 - Зафиксировано движение 11-43_10-10-2021
2021-10-10 23:43:33 INFO  DetectMotionExample:32 - Зафиксировано движение 11-43_10-10-2021
2021-10-10 23:43:34 INFO  DetectMotionExample:32 - Зафиксировано движение 11-43_10-10-2021
2021-10-10 23:43:40 INFO  DetectMotionExample:32 - Зафиксировано движение 11-43_10-10-2021
2021-10-10 23:43:41 INFO  DetectMotionExample:32 - Зафиксировано движение 11-43_10-10-2021
2021-10-10 23:43:42 INFO  DetectMotionExample:32 - Зафиксировано движение 11-43_10-10-2021
2021-10-10 23:43:43 INFO  DetectMotionExample:32 - Зафиксировано движение 11-43_10-10-2021
2021-10-10 23:44:06 INFO  DetectMotionExample:32 - Зафиксировано движение 11-44_10-10-2021
2021-10-10 23:44:07 INFO  DetectMotionExample:32 - Зафиксировано движение 11-44_10-10-2021
2021-10-10 23:44:08 INFO  DetectMotionExample:32 - Зафиксировано движение 11-44_10-10-2021
2021-10-10 23:44:09 INFO  DetectMotionExample:32 - Зафиксировано движение 11-44_10-10-2021
2021-10-10 23:44:10 INFO  DetectMotionExample:32 - Зафиксировано движение 11-44_10-10-2021
2021-10-10 23:44:11 INFO  DetectMotionExample:32 - Зафиксировано движение 11-44_10-10-2021
2021-10-10 23:44:12 INFO  DetectMotionExample:32 - Зафиксировано движение 11-44_10-10-2021
2021-10-10 23:44:13 INFO  DetectMotionExample:32 - Зафиксировано движение 11-44_10-10-2021
2021-10-10 23:44:14 INFO  DetectMotionExample:32 - Зафиксировано движение 11-44_10-10-2021
2021-10-10 23:44:15 INFO  DetectMotionExample:32 - Зафиксировано движение 11-44_10-10-2021
2021-10-10 23:44:16 INFO  DetectMotionExample:32 - Зафиксировано движение 11-44_10-10-2021
2021-10-10 23:44:17 INFO  DetectMotionExample:32 - Зафиксировано движение 11-44_10-10-2021
2021-10-10 23:44:26 INFO  DetectMotionExample:32 - Зафиксировано движение 11-44_10-10-2021
2021-10-10 23:44:27 INFO  DetectMotionExample:32 - Зафиксировано движение 11-44_10-10-2021
2021-10-10 23:44:28 INFO  DetectMotionExample:32 - Зафиксировано движение 11-44_10-10-2021
2021-10-10 23:44:29 INFO  DetectMotionExample:32 - Зафиксировано движение 11-44_10-10-2021
2021-10-10 23:44:32 INFO  DetectMotionExample:32 - Зафиксировано движение 11-44_10-10-2021
2021-10-10 23:44:33 INFO  DetectMotionExample:32 - Зафиксировано движение 11-44_10-10-2021
2021-10-10 23:44:33 INFO  DetectMotionExample:32 - Зафиксировано движение 11-44_10-10-2021
2021-10-10 23:44:34 INFO  DetectMotionExample:32 - Зафиксировано движение 11-44_10-10-2021
2021-10-10 23:44:40 INFO  DetectMotionExample:32 - Зафиксировано движение 11-44_10-10-2021
2021-10-10 23:44:42 INFO  DetectMotionExample:32 - Зафиксировано движение 11-44_10-10-2021
2021-10-10 23:44:43 INFO  DetectMotionExample:32 - Зафиксировано движение 11-44_10-10-2021
2021-10-10 23:44:44 INFO  DetectMotionExample:32 - Зафиксировано движение 11-44_10-10-2021
2021-10-10 23:44:44 INFO  DetectMotionExample:32 - Зафиксировано движение 11-44_10-10-2021
2021-10-10 23:44:45 INFO  DetectMotionExample:32 - Зафиксировано движение 11-44_10-10-2021
2021-10-10 23:44:46 INFO  DetectMotionExample:32 - Зафиксировано движение 11-44_10-10-2021
2021-10-10 23:44:47 INFO  DetectMotionExample:32 - Зафиксировано движение 11-44_10-10-2021
2021-10-10 23:44:48 INFO  DetectMotionExample:32 - Зафиксировано движение 11-44_10-10-2021
2021-10-10 23:44:49 INFO  DetectMotionExample:32 - Зафиксировано движение 11-44_10-10-2021
2021-10-10 23:44:50 INFO  DetectMotionExample:32 - Зафиксировано движение 11-44_10-10-2021
2021-10-10 23:44:51 INFO  DetectMotionExample:32 - Зафиксировано движение 11-44_10-10-2021
2021-10-10 23:44:52 INFO  DetectMotionExample:32 - Зафиксировано движение 11-44_10-10-2021
2021-10-10 23:44:53 INFO  DetectMotionExample:32 - Зафиксировано движение 11-44_10-10-2021
2021-10-10 23:44:57 INFO  DetectMotionExample:32 - Зафиксировано движение 11-44_10-10-2021
2021-10-10 23:44:58 INFO  DetectMotionExample:32 - Зафиксировано движение 11-44_10-10-2021
2021-10-10 23:44:59 INFO  DetectMotionExample:32 - Зафиксировано движение 11-44_10-10-2021
2021-10-10 23:45:00 INFO  DetectMotionExample:32 - Зафиксировано движение 11-45_10-10-2021
2021-10-10 23:45:01 INFO  DetectMotionExample:32 - Зафиксировано движение 11-45_10-10-2021
2021-10-10 23:45:01 INFO  DetectMotionExample:32 - Зафиксировано движение 11-45_10-10-2021
2021-10-10 23:45:02 INFO  DetectMotionExample:32 - Зафиксировано движение 11-45_10-10-2021
2021-10-10 23:45:06 INFO  DetectMotionExample:32 - Зафиксировано движение 11-45_10-10-2021
2021-10-10 23:45:07 INFO  DetectMotionExample:32 - Зафиксировано движение 11-45_10-10-2021
2021-10-10 23:45:08 INFO  DetectMotionExample:32 - Зафиксировано движение 11-45_10-10-2021
2021-10-10 23:45:11 INFO  DetectMotionExample:32 - Зафиксировано движение 11-45_10-10-2021
2021-10-10 23:45:12 INFO  DetectMotionExample:32 - Зафиксировано движение 11-45_10-10-2021
2021-10-10 23:45:13 INFO  DetectMotionExample:32 - Зафиксировано движение 11-45_10-10-2021
2021-10-10 23:46:03 INFO  DetectMotionExample:32 - Зафиксировано движение 11-46_10-10-2021
2021-10-10 23:46:04 INFO  DetectMotionExample:32 - Зафиксировано движение 11-46_10-10-2021
2021-10-10 23:46:06 INFO  DetectMotionExample:32 - Зафиксировано движение 11-46_10-10-2021
2021-10-10 23:46:07 INFO  DetectMotionExample:32 - Зафиксировано движение 11-46_10-10-2021
2021-10-10 23:46:08 INFO  DetectMotionExample:32 - Зафиксировано движение 11-46_10-10-2021
2021-10-10 23:46:10 INFO  DetectMotionExample:32 - Зафиксировано движение 11-46_10-10-2021
2021-10-10 23:46:34 INFO  DetectMotionExample:32 - Зафиксировано движение 11-46_10-10-2021
2021-10-10 23:46:35 INFO  DetectMotionExample:32 - Зафиксировано движение 11-46_10-10-2021
2021-10-10 23:46:37 INFO  DetectMotionExample:32 - Зафиксировано движение 11-46_10-10-2021
2021-10-10 23:46:38 INFO  DetectMotionExample:32 - Зафиксировано движение 11-46_10-10-2021
2021-10-10 23:46:40 INFO  DetectMotionExample:32 - Зафиксировано движение 11-46_10-10-2021
2021-10-10 23:46:41 INFO  DetectMotionExample:32 - Зафиксировано движение 11-46_10-10-2021
2021-10-10 23:46:42 INFO  DetectMotionExample:32 - Зафиксировано движение 11-46_10-10-2021
2021-10-10 23:46:44 INFO  DetectMotionExample:32 - Зафиксировано движение 11-46_10-10-2021
2021-10-10 23:46:51 INFO  DetectMotionExample:32 - Зафиксировано движение 11-46_10-10-2021
2021-10-10 23:46:53 INFO  DetectMotionExample:32 - Зафиксировано движение 11-46_10-10-2021
2021-10-10 23:46:54 INFO  DetectMotionExample:32 - Зафиксировано движение 11-46_10-10-2021
2021-10-10 23:46:55 INFO  DetectMotionExample:32 - Зафиксировано движение 11-46_10-10-2021
2021-10-10 23:46:57 INFO  DetectMotionExample:32 - Зафиксировано движение 11-46_10-10-2021
2021-10-10 23:46:59 INFO  DetectMotionExample:32 - Зафиксировано движение 11-46_10-10-2021
2021-10-10 23:47:01 INFO  DetectMotionExample:32 - Зафиксировано движение 11-47_10-10-2021
2021-10-10 23:47:02 INFO  DetectMotionExample:32 - Зафиксировано движение 11-47_10-10-2021
2021-10-10 23:47:04 INFO  DetectMotionExample:32 - Зафиксировано движение 11-47_10-10-2021
2021-10-10 23:47:05 INFO  DetectMotionExample:32 - Зафиксировано движение 11-47_10-10-2021
2021-10-10 23:47:06 INFO  DetectMotionExample:32 - Зафиксировано движение 11-47_10-10-2021
2021-10-10 23:47:08 INFO  DetectMotionExample:32 - Зафиксировано движение 11-47_10-10-2021
2021-10-10 23:47:09 INFO  DetectMotionExample:32 - Зафиксировано движение 11-47_10-10-2021
2021-10-10 23:47:11 INFO  DetectMotionExample:32 - Зафиксировано движение 11-47_10-10-2021
2021-10-10 23:47:25 INFO  DetectMotionExample:32 - Зафиксировано движение 11-47-25_10-10-2021
2021-10-10 23:47:26 INFO  DetectMotionExample:32 - Зафиксировано движение 11-47-26_10-10-2021
2021-10-10 23:47:28 INFO  DetectMotionExample:32 - Зафиксировано движение 11-47-28_10-10-2021
2021-10-10 23:47:29 INFO  DetectMotionExample:32 - Зафиксировано движение 11-47-29_10-10-2021
2021-10-10 23:47:31 INFO  DetectMotionExample:32 - Зафиксировано движение 11-47-31_10-10-2021
2021-10-10 23:47:32 INFO  DetectMotionExample:32 - Зафиксировано движение 11-47-32_10-10-2021
2021-10-10 23:47:33 INFO  DetectMotionExample:32 - Зафиксировано движение 11-47-33_10-10-2021
2021-10-10 23:47:35 INFO  DetectMotionExample:32 - Зафиксировано движение 11-47-35_10-10-2021
2021-10-10 23:47:36 INFO  DetectMotionExample:32 - Зафиксировано движение 11-47-36_10-10-2021
2021-10-10 23:47:38 INFO  DetectMotionExample:32 - Зафиксировано движение 11-47-38_10-10-2021
2021-10-10 23:47:39 INFO  DetectMotionExample:32 - Зафиксировано движение 11-47-39_10-10-2021
2021-10-10 23:47:40 INFO  DetectMotionExample:32 - Зафиксировано движение 11-47-40_10-10-2021
2021-10-10 23:47:42 INFO  DetectMotionExample:32 - Зафиксировано движение 11-47-42_10-10-2021
2021-10-10 23:47:44 INFO  DetectMotionExample:32 - Зафиксировано движение 11-47-44_10-10-2021
2021-10-10 23:47:46 INFO  DetectMotionExample:32 - Зафиксировано движение 11-47-46_10-10-2021
2021-10-10 23:47:47 INFO  DetectMotionExample:32 - Зафиксировано движение 11-47-47_10-10-2021
2021-10-10 23:47:48 INFO  DetectMotionExample:32 - Зафиксировано движение 11-47-48_10-10-2021
2021-10-10 23:47:50 INFO  DetectMotionExample:32 - Зафиксировано движение 11-47-50_10-10-2021
2021-10-10 23:47:51 INFO  DetectMotionExample:32 - Зафиксировано движение 11-47-51_10-10-2021
2021-10-10 23:47:53 INFO  DetectMotionExample:32 - Зафиксировано движение 11-47-53_10-10-2021
2021-10-10 23:47:54 INFO  DetectMotionExample:32 - Зафиксировано движение 11-47-54_10-10-2021
2021-10-10 23:47:55 INFO  DetectMotionExample:32 - Зафиксировано движение 11-47-55_10-10-2021
2021-10-10 23:47:57 INFO  DetectMotionExample:32 - Зафиксировано движение 11-47-57_10-10-2021
2021-10-10 23:47:58 INFO  DetectMotionExample:32 - Зафиксировано движение 11-47-58_10-10-2021
2021-10-10 23:48:00 INFO  DetectMotionExample:32 - Зафиксировано движение 11-48-00_10-10-2021
2021-10-10 23:48:01 INFO  DetectMotionExample:32 - Зафиксировано движение 11-48-01_10-10-2021
2021-10-10 23:48:02 INFO  DetectMotionExample:32 - Зафиксировано движение 11-48-02_10-10-2021
2021-10-10 23:48:04 INFO  DetectMotionExample:32 - Зафиксировано движение 11-48-04_10-10-2021
2021-10-10 23:48:05 INFO  DetectMotionExample:32 - Зафиксировано движение 11-48-05_10-10-2021
2021-10-10 23:48:07 INFO  DetectMotionExample:32 - Зафиксировано движение 11-48-07_10-10-2021
2021-10-10 23:48:08 INFO  DetectMotionExample:32 - Зафиксировано движение 11-48-08_10-10-2021
2021-10-10 23:48:10 INFO  DetectMotionExample:32 - Зафиксировано движение 11-48-10_10-10-2021
2021-10-10 23:48:11 INFO  DetectMotionExample:32 - Зафиксировано движение 11-48-11_10-10-2021
2021-10-10 23:48:12 INFO  DetectMotionExample:32 - Зафиксировано движение 11-48-12_10-10-2021
2021-10-10 23:48:14 INFO  DetectMotionExample:32 - Зафиксировано движение 11-48-14_10-10-2021
2021-10-10 23:48:15 INFO  DetectMotionExample:32 - Зафиксировано движение 11-48-15_10-10-2021
2021-10-10 23:48:17 INFO  DetectMotionExample:32 - Зафиксировано движение 11-48-17_10-10-2021
2021-10-10 23:48:18 INFO  DetectMotionExample:32 - Зафиксировано движение 11-48-18_10-10-2021
2021-10-10 23:48:19 INFO  DetectMotionExample:32 - Зафиксировано движение 11-48-19_10-10-2021
2021-10-10 23:48:21 INFO  DetectMotionExample:32 - Зафиксировано движение 11-48-21_10-10-2021
2021-10-10 23:57:58 INFO  DetectMotionExample:32 - Зафиксировано движение 11-57-58_10-10-2021
2021-10-10 23:57:59 INFO  DetectMotionExample:32 - Зафиксировано движение 11-57-59_10-10-2021
2021-10-10 23:58:04 INFO  DetectMotionExample:32 - Зафиксировано движение 11-58-04_10-10-2021
